<?xml version="1.0" encoding="UTF-8"?>
<testng-results skipped="0" failed="0" ignored="0" total="1" passed="1">
  <reporter-output>
  </reporter-output>
  <suite name="Default suite" duration-ms="18740" started-at="2021-05-23T13:17:07 EDT" finished-at="2021-05-23T13:17:26 EDT">
    <groups>
    </groups>
    <test name="Default test" duration-ms="18740" started-at="2021-05-23T13:17:07 EDT" finished-at="2021-05-23T13:17:26 EDT">
      <class name="testsuite.ExecuteTests">
        <test-method status="PASS" signature="executeTestCases()[pri:0, instance:testsuite.ExecuteTests@587d1d39]" name="executeTestCases" duration-ms="18700" started-at="2021-05-23T13:17:07 EDT" finished-at="2021-05-23T13:17:26 EDT">
          <reporter-output>
          </reporter-output>
        </test-method> <!-- executeTestCases -->
      </class> <!-- testsuite.ExecuteTests -->
    </test> <!-- Default test -->
  </suite> <!-- Default suite -->
</testng-results>
