<?xml version="1.0" encoding="UTF-8"?>
<testng-results skipped="0" failed="0" ignored="0" total="1" passed="1">
  <reporter-output>
  </reporter-output>
  <suite name="Default suite" duration-ms="21666" started-at="2021-05-24T18:20:13 IST" finished-at="2021-05-24T18:20:35 IST">
    <groups>
    </groups>
    <test name="Default test" duration-ms="21666" started-at="2021-05-24T18:20:13 IST" finished-at="2021-05-24T18:20:35 IST">
      <class name="testsuite.ExecuteTests">
        <test-method status="PASS" signature="setUp()[pri:0, instance:testsuite.ExecuteTests@6b9651f3]" name="setUp" is-config="true" duration-ms="9584" started-at="2021-05-24T18:20:13 IST" finished-at="2021-05-24T18:20:23 IST">
          <reporter-output>
          </reporter-output>
        </test-method> <!-- setUp -->
        <test-method status="PASS" signature="executeTestCases()[pri:0, instance:testsuite.ExecuteTests@6b9651f3]" name="executeTestCases" duration-ms="11227" started-at="2021-05-24T18:20:23 IST" finished-at="2021-05-24T18:20:34 IST">
          <reporter-output>
          </reporter-output>
        </test-method> <!-- executeTestCases -->
        <test-method status="PASS" signature="tearDown()[pri:0, instance:testsuite.ExecuteTests@6b9651f3]" name="tearDown" is-config="true" duration-ms="828" started-at="2021-05-24T18:20:34 IST" finished-at="2021-05-24T18:20:35 IST">
          <reporter-output>
          </reporter-output>
        </test-method> <!-- tearDown -->
      </class> <!-- testsuite.ExecuteTests -->
    </test> <!-- Default test -->
  </suite> <!-- Default suite -->
</testng-results>
